13:17:32 INFO Epoch: 1, 	 Iter: 50/188, 	 Loss: 1.57356462, 	 Acc: 31.250 , 	 lr: 0.000500
13:17:33 INFO Epoch: 1, 	 Iter: 100/188, 	 Loss: 1.55060059, 	 Acc: 35.375 , 	 lr: 0.000500
13:17:33 INFO Epoch: 1, 	 Iter: 150/188, 	 Loss: 1.52684015, 	 Acc: 38.750 , 	 lr: 0.000500
13:17:33 INFO Epoch: 1, 	 Valid, Loss: 1.43293387, 	 Acc: 48.400 , 	 Best Acc: 48.400
13:17:33 DEBUG Loaded backend agg version unknown.
13:17:33 DEBUG findfont: Matching sans\-serif:style=normal:variant=normal:weight=normal:stretch=normal:size=10.0.
13:17:33 DEBUG findfont: score(FontEntry(fname='/home/liwentao/miniconda3/envs/py38/lib/python3.8/site-packages/matplotlib/mpl-data/fonts/ttf/DejaVuSansMono-Oblique.ttf', name='DejaVu Sans Mono', style='oblique', variant='normal', weight=400, stretch='normal', size='scalable')) = 11.05
13:17:33 DEBUG findfont: score(FontEntry(fname='/home/liwentao/miniconda3/envs/py38/lib/python3.8/site-packages/matplotlib/mpl-data/fonts/ttf/DejaVuSans.ttf', name='DejaVu Sans', style='normal', variant='normal', weight=400, stretch='normal', size='scalable')) = 0.05
13:17:33 DEBUG findfont: score(FontEntry(fname='/home/liwentao/miniconda3/envs/py38/lib/python3.8/site-packages/matplotlib/mpl-data/fonts/ttf/STIXNonUniBol.ttf', name='STIXNonUnicode', style='normal', variant='normal', weight=700, stretch='normal', size='scalable')) = 10.335
13:17:33 DEBUG findfont: score(FontEntry(fname='/home/liwentao/miniconda3/envs/py38/lib/python3.8/site-packages/matplotlib/mpl-data/fonts/ttf/DejaVuSansMono-Bold.ttf', name='DejaVu Sans Mono', style='normal', variant='normal', weight=700, stretch='normal', size='scalable')) = 10.335
13:17:33 DEBUG findfont: score(FontEntry(fname='/home/liwentao/miniconda3/envs/py38/lib/python3.8/site-packages/matplotlib/mpl-data/fonts/ttf/STIXSizThreeSymBol.ttf', name='STIXSizeThreeSym', style='normal', variant='normal', weight=700, stretch='normal', size='scalable')) = 10.335
13:17:33 DEBUG findfont: score(FontEntry(fname='/home/liwentao/miniconda3/envs/py38/lib/python3.8/site-packages/matplotlib/mpl-data/fonts/ttf/cmex10.ttf', name='cmex10', style='normal', variant='normal', weight=400, stretch='normal', size='scalable')) = 10.05
13:17:33 DEBUG findfont: score(FontEntry(fname='/home/liwentao/miniconda3/envs/py38/lib/python3.8/site-packages/matplotlib/mpl-data/fonts/ttf/STIXSizOneSymBol.ttf', name='STIXSizeOneSym', style='normal', variant='normal', weight=700, stretch='normal', size='scalable')) = 10.335
13:17:33 DEBUG findfont: score(FontEntry(fname='/home/liwentao/miniconda3/envs/py38/lib/python3.8/site-packages/matplotlib/mpl-data/fonts/ttf/DejaVuSerif-Bold.ttf', name='DejaVu Serif', style='normal', variant='normal', weight=700, stretch='normal', size='scalable')) = 10.335
13:17:33 DEBUG findfont: score(FontEntry(fname='/home/liwentao/miniconda3/envs/py38/lib/python3.8/site-packages/matplotlib/mpl-data/fonts/ttf/DejaVuSansMono.ttf', name='DejaVu Sans Mono', style='normal', variant='normal', weight=400, stretch='normal', size='scalable')) = 10.05
13:17:33 DEBUG findfont: score(FontEntry(fname='/home/liwentao/miniconda3/envs/py38/lib/python3.8/site-packages/matplotlib/mpl-data/fonts/ttf/STIXGeneral.ttf', name='STIXGeneral', style='normal', variant='normal', weight=400, stretch='normal', size='scalable')) = 10.05
13:17:33 DEBUG findfont: score(FontEntry(fname='/home/liwentao/miniconda3/envs/py38/lib/python3.8/site-packages/matplotlib/mpl-data/fonts/ttf/STIXGeneralBol.ttf', name='STIXGeneral', style='normal', variant='normal', weight=700, stretch='normal', size='scalable')) = 10.335
13:17:33 DEBUG findfont: score(FontEntry(fname='/home/liwentao/miniconda3/envs/py38/lib/python3.8/site-packages/matplotlib/mpl-data/fonts/ttf/STIXSizFourSymBol.ttf', name='STIXSizeFourSym', style='normal', variant='normal', weight=700, stretch='normal', size='scalable')) = 10.335
13:17:33 DEBUG findfont: score(FontEntry(fname='/home/liwentao/miniconda3/envs/py38/lib/python3.8/site-packages/matplotlib/mpl-data/fonts/ttf/DejaVuSansDisplay.ttf', name='DejaVu Sans Display', style='normal', variant='normal', weight=400, stretch='normal', size='scalable')) = 10.05
13:17:33 DEBUG findfont: score(FontEntry(fname='/home/liwentao/miniconda3/envs/py38/lib/python3.8/site-packages/matplotlib/mpl-data/fonts/ttf/cmss10.ttf', name='cmss10', style='normal', variant='normal', weight=400, stretch='normal', size='scalable')) = 10.05
13:17:33 DEBUG findfont: score(FontEntry(fname='/home/liwentao/miniconda3/envs/py38/lib/python3.8/site-packages/matplotlib/mpl-data/fonts/ttf/DejaVuSans-Bold.ttf', name='DejaVu Sans', style='normal', variant='normal', weight=700, stretch='normal', size='scalable')) = 0.33499999999999996
13:17:33 DEBUG findfont: score(FontEntry(fname='/home/liwentao/miniconda3/envs/py38/lib/python3.8/site-packages/matplotlib/mpl-data/fonts/ttf/DejaVuSansMono-BoldOblique.ttf', name='DejaVu Sans Mono', style='oblique', variant='normal', weight=700, stretch='normal', size='scalable')) = 11.335
13:17:33 DEBUG findfont: score(FontEntry(fname='/home/liwentao/miniconda3/envs/py38/lib/python3.8/site-packages/matplotlib/mpl-data/fonts/ttf/STIXSizTwoSymBol.ttf', name='STIXSizeTwoSym', style='normal', variant='normal', weight=700, stretch='normal', size='scalable')) = 10.335
13:17:33 DEBUG findfont: score(FontEntry(fname='/home/liwentao/miniconda3/envs/py38/lib/python3.8/site-packages/matplotlib/mpl-data/fonts/ttf/STIXNonUniBolIta.ttf', name='STIXNonUnicode', style='italic', variant='normal', weight=700, stretch='normal', size='scalable')) = 11.335
13:17:33 DEBUG findfont: score(FontEntry(fname='/home/liwentao/miniconda3/envs/py38/lib/python3.8/site-packages/matplotlib/mpl-data/fonts/ttf/STIXSizOneSymReg.ttf', name='STIXSizeOneSym', style='normal', variant='normal', weight=400, stretch='normal', size='scalable')) = 10.05
13:17:33 DEBUG findfont: score(FontEntry(fname='/home/liwentao/miniconda3/envs/py38/lib/python3.8/site-packages/matplotlib/mpl-data/fonts/ttf/DejaVuSans-Oblique.ttf', name='DejaVu Sans', style='oblique', variant='normal', weight=400, stretch='normal', size='scalable')) = 1.05
13:17:33 DEBUG findfont: score(FontEntry(fname='/home/liwentao/miniconda3/envs/py38/lib/python3.8/site-packages/matplotlib/mpl-data/fonts/ttf/DejaVuSans-BoldOblique.ttf', name='DejaVu Sans', style='oblique', variant='normal', weight=700, stretch='normal', size='scalable')) = 1.335
13:17:33 DEBUG findfont: score(FontEntry(fname='/home/liwentao/miniconda3/envs/py38/lib/python3.8/site-packages/matplotlib/mpl-data/fonts/ttf/cmb10.ttf', name='cmb10', style='normal', variant='normal', weight=400, stretch='normal', size='scalable')) = 10.05
13:17:33 DEBUG findfont: score(FontEntry(fname='/home/liwentao/miniconda3/envs/py38/lib/python3.8/site-packages/matplotlib/mpl-data/fonts/ttf/DejaVuSerif-Italic.ttf', name='DejaVu Serif', style='italic', variant='normal', weight=400, stretch='normal', size='scalable')) = 11.05
13:17:33 DEBUG findfont: score(FontEntry(fname='/home/liwentao/miniconda3/envs/py38/lib/python3.8/site-packages/matplotlib/mpl-data/fonts/ttf/STIXSizFiveSymReg.ttf', name='STIXSizeFiveSym', style='normal', variant='normal', weight=400, stretch='normal', size='scalable')) = 10.05
13:17:33 DEBUG findfont: score(FontEntry(fname='/home/liwentao/miniconda3/envs/py38/lib/python3.8/site-packages/matplotlib/mpl-data/fonts/ttf/DejaVuSerif.ttf', name='DejaVu Serif', style='normal', variant='normal', weight=400, stretch='normal', size='scalable')) = 10.05
13:17:33 DEBUG findfont: score(FontEntry(fname='/home/liwentao/miniconda3/envs/py38/lib/python3.8/site-packages/matplotlib/mpl-data/fonts/ttf/DejaVuSerif-BoldItalic.ttf', name='DejaVu Serif', style='italic', variant='normal', weight=700, stretch='normal', size='scalable')) = 11.335
13:17:33 DEBUG findfont: score(FontEntry(fname='/home/liwentao/miniconda3/envs/py38/lib/python3.8/site-packages/matplotlib/mpl-data/fonts/ttf/STIXNonUniIta.ttf', name='STIXNonUnicode', style='italic', variant='normal', weight=400, stretch='normal', size='scalable')) = 11.05
13:17:33 DEBUG findfont: score(FontEntry(fname='/home/liwentao/miniconda3/envs/py38/lib/python3.8/site-packages/matplotlib/mpl-data/fonts/ttf/cmmi10.ttf', name='cmmi10', style='normal', variant='normal', weight=400, stretch='normal', size='scalable')) = 10.05
13:17:33 DEBUG findfont: score(FontEntry(fname='/home/liwentao/miniconda3/envs/py38/lib/python3.8/site-packages/matplotlib/mpl-data/fonts/ttf/DejaVuSerifDisplay.ttf', name='DejaVu Serif Display', style='normal', variant='normal', weight=400, stretch='normal', size='scalable')) = 10.05
13:17:33 DEBUG findfont: score(FontEntry(fname='/home/liwentao/miniconda3/envs/py38/lib/python3.8/site-packages/matplotlib/mpl-data/fonts/ttf/cmr10.ttf', name='cmr10', style='normal', variant='normal', weight=400, stretch='normal', size='scalable')) = 10.05
13:17:33 DEBUG findfont: score(FontEntry(fname='/home/liwentao/miniconda3/envs/py38/lib/python3.8/site-packages/matplotlib/mpl-data/fonts/ttf/STIXSizFourSymReg.ttf', name='STIXSizeFourSym', style='normal', variant='normal', weight=400, stretch='normal', size='scalable')) = 10.05
13:17:33 DEBUG findfont: score(FontEntry(fname='/home/liwentao/miniconda3/envs/py38/lib/python3.8/site-packages/matplotlib/mpl-data/fonts/ttf/cmtt10.ttf', name='cmtt10', style='normal', variant='normal', weight=400, stretch='normal', size='scalable')) = 10.05
13:17:33 DEBUG findfont: score(FontEntry(fname='/home/liwentao/miniconda3/envs/py38/lib/python3.8/site-packages/matplotlib/mpl-data/fonts/ttf/cmsy10.ttf', name='cmsy10', style='normal', variant='normal', weight=400, stretch='normal', size='scalable')) = 10.05
13:17:33 DEBUG findfont: score(FontEntry(fname='/home/liwentao/miniconda3/envs/py38/lib/python3.8/site-packages/matplotlib/mpl-data/fonts/ttf/STIXGeneralBolIta.ttf', name='STIXGeneral', style='italic', variant='normal', weight=700, stretch='normal', size='scalable')) = 11.335
13:17:33 DEBUG findfont: score(FontEntry(fname='/home/liwentao/miniconda3/envs/py38/lib/python3.8/site-packages/matplotlib/mpl-data/fonts/ttf/STIXSizTwoSymReg.ttf', name='STIXSizeTwoSym', style='normal', variant='normal', weight=400, stretch='normal', size='scalable')) = 10.05
13:17:33 DEBUG findfont: score(FontEntry(fname='/home/liwentao/miniconda3/envs/py38/lib/python3.8/site-packages/matplotlib/mpl-data/fonts/ttf/STIXNonUni.ttf', name='STIXNonUnicode', style='normal', variant='normal', weight=400, stretch='normal', size='scalable')) = 10.05
13:17:33 DEBUG findfont: score(FontEntry(fname='/home/liwentao/miniconda3/envs/py38/lib/python3.8/site-packages/matplotlib/mpl-data/fonts/ttf/STIXSizThreeSymReg.ttf', name='STIXSizeThreeSym', style='normal', variant='normal', weight=400, stretch='normal', size='scalable')) = 10.05
13:17:33 DEBUG findfont: score(FontEntry(fname='/home/liwentao/miniconda3/envs/py38/lib/python3.8/site-packages/matplotlib/mpl-data/fonts/ttf/STIXGeneralItalic.ttf', name='STIXGeneral', style='italic', variant='normal', weight=400, stretch='normal', size='scalable')) = 11.05
13:17:33 DEBUG findfont: Matching sans\-serif:style=normal:variant=normal:weight=normal:stretch=normal:size=10.0 to DejaVu Sans ('/home/liwentao/miniconda3/envs/py38/lib/python3.8/site-packages/matplotlib/mpl-data/fonts/ttf/DejaVuSans.ttf') with score of 0.050000.
13:17:33 DEBUG findfont: Matching sans\-serif:style=normal:variant=normal:weight=normal:stretch=normal:size=10.0.
13:17:33 DEBUG findfont: score(FontEntry(fname='/home/liwentao/miniconda3/envs/py38/lib/python3.8/site-packages/matplotlib/mpl-data/fonts/ttf/DejaVuSansMono-Oblique.ttf', name='DejaVu Sans Mono', style='oblique', variant='normal', weight=400, stretch='normal', size='scalable')) = 11.05
13:17:33 DEBUG findfont: score(FontEntry(fname='/home/liwentao/miniconda3/envs/py38/lib/python3.8/site-packages/matplotlib/mpl-data/fonts/ttf/DejaVuSans.ttf', name='DejaVu Sans', style='normal', variant='normal', weight=400, stretch='normal', size='scalable')) = 0.05
13:17:33 DEBUG findfont: score(FontEntry(fname='/home/liwentao/miniconda3/envs/py38/lib/python3.8/site-packages/matplotlib/mpl-data/fonts/ttf/STIXNonUniBol.ttf', name='STIXNonUnicode', style='normal', variant='normal', weight=700, stretch='normal', size='scalable')) = 10.335
13:17:33 DEBUG findfont: score(FontEntry(fname='/home/liwentao/miniconda3/envs/py38/lib/python3.8/site-packages/matplotlib/mpl-data/fonts/ttf/DejaVuSansMono-Bold.ttf', name='DejaVu Sans Mono', style='normal', variant='normal', weight=700, stretch='normal', size='scalable')) = 10.335
13:17:33 DEBUG findfont: score(FontEntry(fname='/home/liwentao/miniconda3/envs/py38/lib/python3.8/site-packages/matplotlib/mpl-data/fonts/ttf/STIXSizThreeSymBol.ttf', name='STIXSizeThreeSym', style='normal', variant='normal', weight=700, stretch='normal', size='scalable')) = 10.335
13:17:33 DEBUG findfont: score(FontEntry(fname='/home/liwentao/miniconda3/envs/py38/lib/python3.8/site-packages/matplotlib/mpl-data/fonts/ttf/cmex10.ttf', name='cmex10', style='normal', variant='normal', weight=400, stretch='normal', size='scalable')) = 10.05
13:17:33 DEBUG findfont: score(FontEntry(fname='/home/liwentao/miniconda3/envs/py38/lib/python3.8/site-packages/matplotlib/mpl-data/fonts/ttf/STIXSizOneSymBol.ttf', name='STIXSizeOneSym', style='normal', variant='normal', weight=700, stretch='normal', size='scalable')) = 10.335
13:17:33 DEBUG findfont: score(FontEntry(fname='/home/liwentao/miniconda3/envs/py38/lib/python3.8/site-packages/matplotlib/mpl-data/fonts/ttf/DejaVuSerif-Bold.ttf', name='DejaVu Serif', style='normal', variant='normal', weight=700, stretch='normal', size='scalable')) = 10.335
13:17:33 DEBUG findfont: score(FontEntry(fname='/home/liwentao/miniconda3/envs/py38/lib/python3.8/site-packages/matplotlib/mpl-data/fonts/ttf/DejaVuSansMono.ttf', name='DejaVu Sans Mono', style='normal', variant='normal', weight=400, stretch='normal', size='scalable')) = 10.05
13:17:33 DEBUG findfont: score(FontEntry(fname='/home/liwentao/miniconda3/envs/py38/lib/python3.8/site-packages/matplotlib/mpl-data/fonts/ttf/STIXGeneral.ttf', name='STIXGeneral', style='normal', variant='normal', weight=400, stretch='normal', size='scalable')) = 10.05
13:17:33 DEBUG findfont: score(FontEntry(fname='/home/liwentao/miniconda3/envs/py38/lib/python3.8/site-packages/matplotlib/mpl-data/fonts/ttf/STIXGeneralBol.ttf', name='STIXGeneral', style='normal', variant='normal', weight=700, stretch='normal', size='scalable')) = 10.335
13:17:33 DEBUG findfont: score(FontEntry(fname='/home/liwentao/miniconda3/envs/py38/lib/python3.8/site-packages/matplotlib/mpl-data/fonts/ttf/STIXSizFourSymBol.ttf', name='STIXSizeFourSym', style='normal', variant='normal', weight=700, stretch='normal', size='scalable')) = 10.335
13:17:33 DEBUG findfont: score(FontEntry(fname='/home/liwentao/miniconda3/envs/py38/lib/python3.8/site-packages/matplotlib/mpl-data/fonts/ttf/DejaVuSansDisplay.ttf', name='DejaVu Sans Display', style='normal', variant='normal', weight=400, stretch='normal', size='scalable')) = 10.05
13:17:33 DEBUG findfont: score(FontEntry(fname='/home/liwentao/miniconda3/envs/py38/lib/python3.8/site-packages/matplotlib/mpl-data/fonts/ttf/cmss10.ttf', name='cmss10', style='normal', variant='normal', weight=400, stretch='normal', size='scalable')) = 10.05
13:17:33 DEBUG findfont: score(FontEntry(fname='/home/liwentao/miniconda3/envs/py38/lib/python3.8/site-packages/matplotlib/mpl-data/fonts/ttf/DejaVuSans-Bold.ttf', name='DejaVu Sans', style='normal', variant='normal', weight=700, stretch='normal', size='scalable')) = 0.33499999999999996
13:17:33 DEBUG findfont: score(FontEntry(fname='/home/liwentao/miniconda3/envs/py38/lib/python3.8/site-packages/matplotlib/mpl-data/fonts/ttf/DejaVuSansMono-BoldOblique.ttf', name='DejaVu Sans Mono', style='oblique', variant='normal', weight=700, stretch='normal', size='scalable')) = 11.335
13:17:33 DEBUG findfont: score(FontEntry(fname='/home/liwentao/miniconda3/envs/py38/lib/python3.8/site-packages/matplotlib/mpl-data/fonts/ttf/STIXSizTwoSymBol.ttf', name='STIXSizeTwoSym', style='normal', variant='normal', weight=700, stretch='normal', size='scalable')) = 10.335
13:17:33 DEBUG findfont: score(FontEntry(fname='/home/liwentao/miniconda3/envs/py38/lib/python3.8/site-packages/matplotlib/mpl-data/fonts/ttf/STIXNonUniBolIta.ttf', name='STIXNonUnicode', style='italic', variant='normal', weight=700, stretch='normal', size='scalable')) = 11.335
13:17:33 DEBUG findfont: score(FontEntry(fname='/home/liwentao/miniconda3/envs/py38/lib/python3.8/site-packages/matplotlib/mpl-data/fonts/ttf/STIXSizOneSymReg.ttf', name='STIXSizeOneSym', style='normal', variant='normal', weight=400, stretch='normal', size='scalable')) = 10.05
13:17:33 DEBUG findfont: score(FontEntry(fname='/home/liwentao/miniconda3/envs/py38/lib/python3.8/site-packages/matplotlib/mpl-data/fonts/ttf/DejaVuSans-Oblique.ttf', name='DejaVu Sans', style='oblique', variant='normal', weight=400, stretch='normal', size='scalable')) = 1.05
13:17:33 DEBUG findfont: score(FontEntry(fname='/home/liwentao/miniconda3/envs/py38/lib/python3.8/site-packages/matplotlib/mpl-data/fonts/ttf/DejaVuSans-BoldOblique.ttf', name='DejaVu Sans', style='oblique', variant='normal', weight=700, stretch='normal', size='scalable')) = 1.335
13:17:33 DEBUG findfont: score(FontEntry(fname='/home/liwentao/miniconda3/envs/py38/lib/python3.8/site-packages/matplotlib/mpl-data/fonts/ttf/cmb10.ttf', name='cmb10', style='normal', variant='normal', weight=400, stretch='normal', size='scalable')) = 10.05
13:17:33 DEBUG findfont: score(FontEntry(fname='/home/liwentao/miniconda3/envs/py38/lib/python3.8/site-packages/matplotlib/mpl-data/fonts/ttf/DejaVuSerif-Italic.ttf', name='DejaVu Serif', style='italic', variant='normal', weight=400, stretch='normal', size='scalable')) = 11.05
13:17:33 DEBUG findfont: score(FontEntry(fname='/home/liwentao/miniconda3/envs/py38/lib/python3.8/site-packages/matplotlib/mpl-data/fonts/ttf/STIXSizFiveSymReg.ttf', name='STIXSizeFiveSym', style='normal', variant='normal', weight=400, stretch='normal', size='scalable')) = 10.05
13:17:33 DEBUG findfont: score(FontEntry(fname='/home/liwentao/miniconda3/envs/py38/lib/python3.8/site-packages/matplotlib/mpl-data/fonts/ttf/DejaVuSerif.ttf', name='DejaVu Serif', style='normal', variant='normal', weight=400, stretch='normal', size='scalable')) = 10.05
13:17:33 DEBUG findfont: score(FontEntry(fname='/home/liwentao/miniconda3/envs/py38/lib/python3.8/site-packages/matplotlib/mpl-data/fonts/ttf/DejaVuSerif-BoldItalic.ttf', name='DejaVu Serif', style='italic', variant='normal', weight=700, stretch='normal', size='scalable')) = 11.335
13:17:33 DEBUG findfont: score(FontEntry(fname='/home/liwentao/miniconda3/envs/py38/lib/python3.8/site-packages/matplotlib/mpl-data/fonts/ttf/STIXNonUniIta.ttf', name='STIXNonUnicode', style='italic', variant='normal', weight=400, stretch='normal', size='scalable')) = 11.05
13:17:33 DEBUG findfont: score(FontEntry(fname='/home/liwentao/miniconda3/envs/py38/lib/python3.8/site-packages/matplotlib/mpl-data/fonts/ttf/cmmi10.ttf', name='cmmi10', style='normal', variant='normal', weight=400, stretch='normal', size='scalable')) = 10.05
13:17:33 DEBUG findfont: score(FontEntry(fname='/home/liwentao/miniconda3/envs/py38/lib/python3.8/site-packages/matplotlib/mpl-data/fonts/ttf/DejaVuSerifDisplay.ttf', name='DejaVu Serif Display', style='normal', variant='normal', weight=400, stretch='normal', size='scalable')) = 10.05
13:17:33 DEBUG findfont: score(FontEntry(fname='/home/liwentao/miniconda3/envs/py38/lib/python3.8/site-packages/matplotlib/mpl-data/fonts/ttf/cmr10.ttf', name='cmr10', style='normal', variant='normal', weight=400, stretch='normal', size='scalable')) = 10.05
13:17:33 DEBUG findfont: score(FontEntry(fname='/home/liwentao/miniconda3/envs/py38/lib/python3.8/site-packages/matplotlib/mpl-data/fonts/ttf/STIXSizFourSymReg.ttf', name='STIXSizeFourSym', style='normal', variant='normal', weight=400, stretch='normal', size='scalable')) = 10.05
13:17:33 DEBUG findfont: score(FontEntry(fname='/home/liwentao/miniconda3/envs/py38/lib/python3.8/site-packages/matplotlib/mpl-data/fonts/ttf/cmtt10.ttf', name='cmtt10', style='normal', variant='normal', weight=400, stretch='normal', size='scalable')) = 10.05
13:17:33 DEBUG findfont: score(FontEntry(fname='/home/liwentao/miniconda3/envs/py38/lib/python3.8/site-packages/matplotlib/mpl-data/fonts/ttf/cmsy10.ttf', name='cmsy10', style='normal', variant='normal', weight=400, stretch='normal', size='scalable')) = 10.05
13:17:33 DEBUG findfont: score(FontEntry(fname='/home/liwentao/miniconda3/envs/py38/lib/python3.8/site-packages/matplotlib/mpl-data/fonts/ttf/STIXGeneralBolIta.ttf', name='STIXGeneral', style='italic', variant='normal', weight=700, stretch='normal', size='scalable')) = 11.335
13:17:33 DEBUG findfont: score(FontEntry(fname='/home/liwentao/miniconda3/envs/py38/lib/python3.8/site-packages/matplotlib/mpl-data/fonts/ttf/STIXSizTwoSymReg.ttf', name='STIXSizeTwoSym', style='normal', variant='normal', weight=400, stretch='normal', size='scalable')) = 10.05
13:17:33 DEBUG findfont: score(FontEntry(fname='/home/liwentao/miniconda3/envs/py38/lib/python3.8/site-packages/matplotlib/mpl-data/fonts/ttf/STIXNonUni.ttf', name='STIXNonUnicode', style='normal', variant='normal', weight=400, stretch='normal', size='scalable')) = 10.05
13:17:33 DEBUG findfont: score(FontEntry(fname='/home/liwentao/miniconda3/envs/py38/lib/python3.8/site-packages/matplotlib/mpl-data/fonts/ttf/STIXSizThreeSymReg.ttf', name='STIXSizeThreeSym', style='normal', variant='normal', weight=400, stretch='normal', size='scalable')) = 10.05
13:17:33 DEBUG findfont: score(FontEntry(fname='/home/liwentao/miniconda3/envs/py38/lib/python3.8/site-packages/matplotlib/mpl-data/fonts/ttf/STIXGeneralItalic.ttf', name='STIXGeneral', style='italic', variant='normal', weight=400, stretch='normal', size='scalable')) = 11.05
13:17:33 DEBUG findfont: Matching sans\-serif:style=normal:variant=normal:weight=normal:stretch=normal:size=10.0 to DejaVu Sans ('/home/liwentao/miniconda3/envs/py38/lib/python3.8/site-packages/matplotlib/mpl-data/fonts/ttf/DejaVuSans.ttf') with score of 0.050000.
13:17:33 DEBUG Assigning font /b'F1' = '/home/liwentao/miniconda3/envs/py38/lib/python3.8/site-packages/matplotlib/mpl-data/fonts/ttf/DejaVuSans.ttf'
13:17:33 DEBUG Embedding font /home/liwentao/miniconda3/envs/py38/lib/python3.8/site-packages/matplotlib/mpl-data/fonts/ttf/DejaVuSans.ttf.
13:17:33 DEBUG Writing TrueType font.
13:17:33 INFO Epoch: 2, 	 Iter: 50/188, 	 Loss: 1.34181871, 	 Acc: 65.438 , 	 lr: 0.000500
13:17:33 INFO Epoch: 2, 	 Iter: 100/188, 	 Loss: 1.33223898, 	 Acc: 65.219 , 	 lr: 0.000500
13:17:33 INFO Epoch: 2, 	 Iter: 150/188, 	 Loss: 1.32031115, 	 Acc: 64.729 , 	 lr: 0.000500
13:17:33 INFO Epoch: 2, 	 Valid, Loss: 1.35565465, 	 Acc: 47.800 , 	 Best Acc: 48.400
13:17:33 DEBUG Assigning font /b'F1' = '/home/liwentao/miniconda3/envs/py38/lib/python3.8/site-packages/matplotlib/mpl-data/fonts/ttf/DejaVuSans.ttf'
13:17:33 DEBUG Embedding font /home/liwentao/miniconda3/envs/py38/lib/python3.8/site-packages/matplotlib/mpl-data/fonts/ttf/DejaVuSans.ttf.
13:17:33 DEBUG Writing TrueType font.
13:17:34 INFO Epoch: 3, 	 Iter: 50/188, 	 Loss: 1.19516019, 	 Acc: 71.625 , 	 lr: 0.000500
13:17:34 INFO Epoch: 3, 	 Iter: 100/188, 	 Loss: 1.18968306, 	 Acc: 70.625 , 	 lr: 0.000500
13:17:34 INFO Epoch: 3, 	 Iter: 150/188, 	 Loss: 1.17464791, 	 Acc: 71.312 , 	 lr: 0.000500
13:17:34 INFO Epoch: 3, 	 Valid, Loss: 1.31010207, 	 Acc: 48.800 , 	 Best Acc: 48.800
13:17:34 DEBUG Assigning font /b'F1' = '/home/liwentao/miniconda3/envs/py38/lib/python3.8/site-packages/matplotlib/mpl-data/fonts/ttf/DejaVuSans.ttf'
13:17:34 DEBUG Embedding font /home/liwentao/miniconda3/envs/py38/lib/python3.8/site-packages/matplotlib/mpl-data/fonts/ttf/DejaVuSans.ttf.
13:17:34 DEBUG Writing TrueType font.
13:17:34 INFO Epoch: 4, 	 Iter: 50/188, 	 Loss: 1.08404857, 	 Acc: 75.562 , 	 lr: 0.000500
13:17:34 INFO Epoch: 4, 	 Iter: 100/188, 	 Loss: 1.08219411, 	 Acc: 74.969 , 	 lr: 0.000500
13:17:34 INFO Epoch: 4, 	 Iter: 150/188, 	 Loss: 1.07915075, 	 Acc: 73.938 , 	 lr: 0.000500
13:17:34 INFO Epoch: 4, 	 Valid, Loss: 1.27514909, 	 Acc: 47.800 , 	 Best Acc: 48.800
13:17:34 DEBUG Assigning font /b'F1' = '/home/liwentao/miniconda3/envs/py38/lib/python3.8/site-packages/matplotlib/mpl-data/fonts/ttf/DejaVuSans.ttf'
13:17:34 DEBUG Embedding font /home/liwentao/miniconda3/envs/py38/lib/python3.8/site-packages/matplotlib/mpl-data/fonts/ttf/DejaVuSans.ttf.
13:17:34 DEBUG Writing TrueType font.
13:17:34 INFO Epoch: 5, 	 Iter: 50/188, 	 Loss: 0.99833287, 	 Acc: 77.000 , 	 lr: 0.000500
13:17:34 INFO Epoch: 5, 	 Iter: 100/188, 	 Loss: 0.99444001, 	 Acc: 77.438 , 	 lr: 0.000500
13:17:34 INFO Epoch: 5, 	 Iter: 150/188, 	 Loss: 0.99410374, 	 Acc: 76.792 , 	 lr: 0.000500
13:17:35 INFO Epoch: 5, 	 Valid, Loss: 1.25065713, 	 Acc: 47.600 , 	 Best Acc: 48.800
13:17:35 DEBUG Assigning font /b'F1' = '/home/liwentao/miniconda3/envs/py38/lib/python3.8/site-packages/matplotlib/mpl-data/fonts/ttf/DejaVuSans.ttf'
13:17:35 DEBUG Embedding font /home/liwentao/miniconda3/envs/py38/lib/python3.8/site-packages/matplotlib/mpl-data/fonts/ttf/DejaVuSans.ttf.
13:17:35 DEBUG Writing TrueType font.
13:17:35 INFO Epoch: 6, 	 Iter: 50/188, 	 Loss: 0.93094206, 	 Acc: 80.812 , 	 lr: 0.000500
13:17:35 INFO Epoch: 6, 	 Iter: 100/188, 	 Loss: 0.92815709, 	 Acc: 79.594 , 	 lr: 0.000500
13:17:35 INFO Epoch: 6, 	 Iter: 150/188, 	 Loss: 0.92672346, 	 Acc: 79.375 , 	 lr: 0.000500
13:17:35 INFO Epoch: 6, 	 Valid, Loss: 1.24055824, 	 Acc: 46.200 , 	 Best Acc: 48.800
13:17:35 DEBUG Assigning font /b'F1' = '/home/liwentao/miniconda3/envs/py38/lib/python3.8/site-packages/matplotlib/mpl-data/fonts/ttf/DejaVuSans.ttf'
13:17:35 DEBUG Embedding font /home/liwentao/miniconda3/envs/py38/lib/python3.8/site-packages/matplotlib/mpl-data/fonts/ttf/DejaVuSans.ttf.
13:17:35 DEBUG Writing TrueType font.
13:17:35 INFO Epoch: 7, 	 Iter: 50/188, 	 Loss: 0.87337090, 	 Acc: 80.625 , 	 lr: 0.000500
13:17:35 INFO Epoch: 7, 	 Iter: 100/188, 	 Loss: 0.87689310, 	 Acc: 80.125 , 	 lr: 0.000500
13:17:35 INFO Epoch: 7, 	 Iter: 150/188, 	 Loss: 0.87760807, 	 Acc: 79.833 , 	 lr: 0.000500
13:17:35 INFO Epoch: 7, 	 Valid, Loss: 1.23475158, 	 Acc: 46.600 , 	 Best Acc: 48.800
13:17:35 DEBUG Assigning font /b'F1' = '/home/liwentao/miniconda3/envs/py38/lib/python3.8/site-packages/matplotlib/mpl-data/fonts/ttf/DejaVuSans.ttf'
13:17:35 DEBUG Embedding font /home/liwentao/miniconda3/envs/py38/lib/python3.8/site-packages/matplotlib/mpl-data/fonts/ttf/DejaVuSans.ttf.
13:17:35 DEBUG Writing TrueType font.
13:17:36 INFO Epoch: 8, 	 Iter: 50/188, 	 Loss: 0.83918206, 	 Acc: 80.938 , 	 lr: 0.000500
13:17:36 INFO Epoch: 8, 	 Iter: 100/188, 	 Loss: 0.83298111, 	 Acc: 81.000 , 	 lr: 0.000500
13:17:36 INFO Epoch: 8, 	 Iter: 150/188, 	 Loss: 0.82836536, 	 Acc: 81.312 , 	 lr: 0.000500
13:17:36 INFO Epoch: 8, 	 Valid, Loss: 1.22581347, 	 Acc: 47.000 , 	 Best Acc: 48.800
13:17:36 DEBUG Assigning font /b'F1' = '/home/liwentao/miniconda3/envs/py38/lib/python3.8/site-packages/matplotlib/mpl-data/fonts/ttf/DejaVuSans.ttf'
13:17:36 DEBUG Embedding font /home/liwentao/miniconda3/envs/py38/lib/python3.8/site-packages/matplotlib/mpl-data/fonts/ttf/DejaVuSans.ttf.
13:17:36 DEBUG Writing TrueType font.
13:17:36 INFO Epoch: 9, 	 Iter: 50/188, 	 Loss: 0.78533542, 	 Acc: 83.562 , 	 lr: 0.000500
13:17:36 INFO Epoch: 9, 	 Iter: 100/188, 	 Loss: 0.79053623, 	 Acc: 82.781 , 	 lr: 0.000500
13:17:36 INFO Epoch: 9, 	 Iter: 150/188, 	 Loss: 0.78689438, 	 Acc: 82.667 , 	 lr: 0.000500
13:17:36 INFO Epoch: 9, 	 Valid, Loss: 1.22737261, 	 Acc: 46.000 , 	 Best Acc: 48.800
13:17:36 DEBUG Assigning font /b'F1' = '/home/liwentao/miniconda3/envs/py38/lib/python3.8/site-packages/matplotlib/mpl-data/fonts/ttf/DejaVuSans.ttf'
13:17:36 DEBUG Embedding font /home/liwentao/miniconda3/envs/py38/lib/python3.8/site-packages/matplotlib/mpl-data/fonts/ttf/DejaVuSans.ttf.
13:17:36 DEBUG Writing TrueType font.
13:17:36 INFO Epoch: 10, 	 Iter: 50/188, 	 Loss: 0.74809549, 	 Acc: 83.688 , 	 lr: 0.000500
13:17:37 INFO Epoch: 10, 	 Iter: 100/188, 	 Loss: 0.75052674, 	 Acc: 83.219 , 	 lr: 0.000500
13:17:37 INFO Epoch: 10, 	 Iter: 150/188, 	 Loss: 0.74899353, 	 Acc: 83.354 , 	 lr: 0.000500
13:17:37 INFO Epoch: 10, 	 Valid, Loss: 1.22632507, 	 Acc: 46.000 , 	 Best Acc: 48.800
13:17:37 DEBUG Assigning font /b'F1' = '/home/liwentao/miniconda3/envs/py38/lib/python3.8/site-packages/matplotlib/mpl-data/fonts/ttf/DejaVuSans.ttf'
13:17:37 DEBUG Embedding font /home/liwentao/miniconda3/envs/py38/lib/python3.8/site-packages/matplotlib/mpl-data/fonts/ttf/DejaVuSans.ttf.
13:17:37 DEBUG Writing TrueType font.
13:17:37 INFO Epoch: 11, 	 Iter: 50/188, 	 Loss: 0.69411910, 	 Acc: 85.500 , 	 lr: 0.000500
13:17:37 INFO Epoch: 11, 	 Iter: 100/188, 	 Loss: 0.69884371, 	 Acc: 86.125 , 	 lr: 0.000500
13:17:37 INFO Epoch: 11, 	 Iter: 150/188, 	 Loss: 0.70492624, 	 Acc: 85.104 , 	 lr: 0.000500
13:17:37 INFO Epoch: 11, 	 Valid, Loss: 1.22803193, 	 Acc: 45.800 , 	 Best Acc: 48.800
13:17:37 DEBUG Assigning font /b'F1' = '/home/liwentao/miniconda3/envs/py38/lib/python3.8/site-packages/matplotlib/mpl-data/fonts/ttf/DejaVuSans.ttf'
13:17:37 DEBUG Embedding font /home/liwentao/miniconda3/envs/py38/lib/python3.8/site-packages/matplotlib/mpl-data/fonts/ttf/DejaVuSans.ttf.
13:17:37 DEBUG Writing TrueType font.
13:17:37 INFO Epoch: 12, 	 Iter: 50/188, 	 Loss: 0.66387113, 	 Acc: 86.562 , 	 lr: 0.000500
13:17:37 INFO Epoch: 12, 	 Iter: 100/188, 	 Loss: 0.67202395, 	 Acc: 85.719 , 	 lr: 0.000500
13:17:37 INFO Epoch: 12, 	 Iter: 150/188, 	 Loss: 0.68167271, 	 Acc: 85.229 , 	 lr: 0.000500
13:17:37 INFO Epoch: 12, 	 Valid, Loss: 1.22664197, 	 Acc: 46.400 , 	 Best Acc: 48.800
13:17:37 DEBUG Assigning font /b'F1' = '/home/liwentao/miniconda3/envs/py38/lib/python3.8/site-packages/matplotlib/mpl-data/fonts/ttf/DejaVuSans.ttf'
13:17:38 DEBUG Embedding font /home/liwentao/miniconda3/envs/py38/lib/python3.8/site-packages/matplotlib/mpl-data/fonts/ttf/DejaVuSans.ttf.
13:17:38 DEBUG Writing TrueType font.
13:17:38 INFO Epoch: 13, 	 Iter: 50/188, 	 Loss: 0.63242893, 	 Acc: 87.062 , 	 lr: 0.000500
13:17:38 INFO Epoch: 13, 	 Iter: 100/188, 	 Loss: 0.64731646, 	 Acc: 86.219 , 	 lr: 0.000500
13:17:38 INFO Epoch: 13, 	 Iter: 150/188, 	 Loss: 0.64506000, 	 Acc: 86.375 , 	 lr: 0.000500
13:17:38 INFO Epoch: 13, 	 Valid, Loss: 1.23048152, 	 Acc: 46.000 , 	 Best Acc: 48.800
13:17:38 DEBUG Assigning font /b'F1' = '/home/liwentao/miniconda3/envs/py38/lib/python3.8/site-packages/matplotlib/mpl-data/fonts/ttf/DejaVuSans.ttf'
13:17:38 DEBUG Embedding font /home/liwentao/miniconda3/envs/py38/lib/python3.8/site-packages/matplotlib/mpl-data/fonts/ttf/DejaVuSans.ttf.
13:17:38 DEBUG Writing TrueType font.
13:17:38 INFO Epoch: 14, 	 Iter: 50/188, 	 Loss: 0.62705988, 	 Acc: 86.375 , 	 lr: 0.000500
13:17:38 INFO Epoch: 14, 	 Iter: 100/188, 	 Loss: 0.62000306, 	 Acc: 86.875 , 	 lr: 0.000500
13:17:38 INFO Epoch: 14, 	 Iter: 150/188, 	 Loss: 0.62146556, 	 Acc: 87.188 , 	 lr: 0.000500
13:17:38 INFO Epoch: 14, 	 Valid, Loss: 1.23606083, 	 Acc: 46.800 , 	 Best Acc: 48.800
13:17:38 DEBUG Assigning font /b'F1' = '/home/liwentao/miniconda3/envs/py38/lib/python3.8/site-packages/matplotlib/mpl-data/fonts/ttf/DejaVuSans.ttf'
13:17:38 DEBUG Embedding font /home/liwentao/miniconda3/envs/py38/lib/python3.8/site-packages/matplotlib/mpl-data/fonts/ttf/DejaVuSans.ttf.
13:17:38 DEBUG Writing TrueType font.
13:17:38 INFO Epoch: 15, 	 Iter: 50/188, 	 Loss: 0.61444296, 	 Acc: 86.938 , 	 lr: 0.000500
13:17:39 INFO Epoch: 15, 	 Iter: 100/188, 	 Loss: 0.60554277, 	 Acc: 87.219 , 	 lr: 0.000500
13:17:39 INFO Epoch: 15, 	 Iter: 150/188, 	 Loss: 0.60137098, 	 Acc: 87.042 , 	 lr: 0.000500
13:17:39 INFO Epoch: 15, 	 Valid, Loss: 1.23901123, 	 Acc: 46.200 , 	 Best Acc: 48.800
13:17:39 DEBUG Assigning font /b'F1' = '/home/liwentao/miniconda3/envs/py38/lib/python3.8/site-packages/matplotlib/mpl-data/fonts/ttf/DejaVuSans.ttf'
13:17:39 DEBUG Embedding font /home/liwentao/miniconda3/envs/py38/lib/python3.8/site-packages/matplotlib/mpl-data/fonts/ttf/DejaVuSans.ttf.
13:17:39 DEBUG Writing TrueType font.
13:17:39 INFO Epoch: 16, 	 Iter: 50/188, 	 Loss: 0.57315345, 	 Acc: 88.000 , 	 lr: 0.000500
13:17:39 INFO Epoch: 16, 	 Iter: 100/188, 	 Loss: 0.58161876, 	 Acc: 87.812 , 	 lr: 0.000500
13:17:39 INFO Epoch: 16, 	 Iter: 150/188, 	 Loss: 0.58219547, 	 Acc: 87.938 , 	 lr: 0.000500
13:17:39 INFO Epoch: 16, 	 Valid, Loss: 1.24577975, 	 Acc: 46.400 , 	 Best Acc: 48.800
13:17:39 DEBUG Assigning font /b'F1' = '/home/liwentao/miniconda3/envs/py38/lib/python3.8/site-packages/matplotlib/mpl-data/fonts/ttf/DejaVuSans.ttf'
13:17:39 DEBUG Embedding font /home/liwentao/miniconda3/envs/py38/lib/python3.8/site-packages/matplotlib/mpl-data/fonts/ttf/DejaVuSans.ttf.
13:17:39 DEBUG Writing TrueType font.
13:17:39 INFO Epoch: 17, 	 Iter: 50/188, 	 Loss: 0.57024532, 	 Acc: 88.125 , 	 lr: 0.000500
13:17:39 INFO Epoch: 17, 	 Iter: 100/188, 	 Loss: 0.55896396, 	 Acc: 88.719 , 	 lr: 0.000500
13:17:39 INFO Epoch: 17, 	 Iter: 150/188, 	 Loss: 0.55598267, 	 Acc: 88.500 , 	 lr: 0.000500
13:17:39 INFO Epoch: 17, 	 Valid, Loss: 1.25167340, 	 Acc: 46.000 , 	 Best Acc: 48.800
13:17:40 DEBUG Assigning font /b'F1' = '/home/liwentao/miniconda3/envs/py38/lib/python3.8/site-packages/matplotlib/mpl-data/fonts/ttf/DejaVuSans.ttf'
13:17:40 DEBUG Embedding font /home/liwentao/miniconda3/envs/py38/lib/python3.8/site-packages/matplotlib/mpl-data/fonts/ttf/DejaVuSans.ttf.
13:17:40 DEBUG Writing TrueType font.
13:17:40 INFO Epoch: 18, 	 Iter: 50/188, 	 Loss: 0.54217720, 	 Acc: 89.625 , 	 lr: 0.000500
13:17:40 INFO Epoch: 18, 	 Iter: 100/188, 	 Loss: 0.53355686, 	 Acc: 89.781 , 	 lr: 0.000500
13:17:40 INFO Epoch: 18, 	 Iter: 150/188, 	 Loss: 0.53181108, 	 Acc: 89.667 , 	 lr: 0.000500
13:17:40 INFO Epoch: 18, 	 Valid, Loss: 1.25882996, 	 Acc: 46.200 , 	 Best Acc: 48.800
13:17:40 DEBUG Assigning font /b'F1' = '/home/liwentao/miniconda3/envs/py38/lib/python3.8/site-packages/matplotlib/mpl-data/fonts/ttf/DejaVuSans.ttf'
13:17:40 DEBUG Embedding font /home/liwentao/miniconda3/envs/py38/lib/python3.8/site-packages/matplotlib/mpl-data/fonts/ttf/DejaVuSans.ttf.
13:17:40 DEBUG Writing TrueType font.
13:17:40 INFO Epoch: 19, 	 Iter: 50/188, 	 Loss: 0.51311844, 	 Acc: 89.562 , 	 lr: 0.000500
13:17:40 INFO Epoch: 19, 	 Iter: 100/188, 	 Loss: 0.50930168, 	 Acc: 90.406 , 	 lr: 0.000500
13:17:40 INFO Epoch: 19, 	 Iter: 150/188, 	 Loss: 0.51331875, 	 Acc: 90.021 , 	 lr: 0.000500
13:17:40 INFO Epoch: 19, 	 Valid, Loss: 1.27039850, 	 Acc: 46.000 , 	 Best Acc: 48.800
13:17:40 DEBUG Assigning font /b'F1' = '/home/liwentao/miniconda3/envs/py38/lib/python3.8/site-packages/matplotlib/mpl-data/fonts/ttf/DejaVuSans.ttf'
13:17:40 DEBUG Embedding font /home/liwentao/miniconda3/envs/py38/lib/python3.8/site-packages/matplotlib/mpl-data/fonts/ttf/DejaVuSans.ttf.
13:17:40 DEBUG Writing TrueType font.
13:17:41 INFO Epoch: 20, 	 Iter: 50/188, 	 Loss: 0.50018423, 	 Acc: 90.125 , 	 lr: 0.000500
13:17:41 INFO Epoch: 20, 	 Iter: 100/188, 	 Loss: 0.49645189, 	 Acc: 90.344 , 	 lr: 0.000500
13:17:41 INFO Epoch: 20, 	 Iter: 150/188, 	 Loss: 0.50037929, 	 Acc: 90.208 , 	 lr: 0.000500
13:17:41 INFO Epoch: 20, 	 Valid, Loss: 1.28080718, 	 Acc: 45.600 , 	 Best Acc: 48.800
13:17:41 DEBUG Assigning font /b'F1' = '/home/liwentao/miniconda3/envs/py38/lib/python3.8/site-packages/matplotlib/mpl-data/fonts/ttf/DejaVuSans.ttf'
13:17:41 DEBUG Embedding font /home/liwentao/miniconda3/envs/py38/lib/python3.8/site-packages/matplotlib/mpl-data/fonts/ttf/DejaVuSans.ttf.
13:17:41 DEBUG Writing TrueType font.
13:17:41 INFO valid loss: 1.310, 	 valid acc: 48.800, 	 test loss: 1.290, 	 test acc: 55.200 
